<fileupload size="53121367">
  <file name="shadesofstones.zip" tmpfile="/home/shadesofstone/tmp/Cpanel_Form_file.upload.o8zsYPzpB3XuIbQU">
    <progress bytes="2176632" bps="115009.11"></progress>
    <progress bytes="2242168" bps="139773.75"></progress>
    <progress bytes="2373240" bps="160685.74"></progress>
    <progress bytes="2504312" bps="178996.53"></progress>
    <progress bytes="2635384" bps="170458.70"></progress>
    <progress bytes="2766456" bps="126404.15"></progress>
    <progress bytes="2831992" bps="126189.48"></progress>
    <progress bytes="2897528" bps="127446.16"></progress>
    <progress bytes="2963064" bps="130827.09"></progress>
    <progress bytes="3028600" bps="211286.50"></progress>
    <progress bytes="3159672" bps="135328.63"></progress>
    <progress bytes="3290744" bps="172026.53"></progress>
    <progress bytes="3421816" bps="215256.42"></progress>
    <progress bytes="3552888" bps="181778.34"></progress>
    <progress bytes="3683960" bps="223091.78"></progress>
    <progress bytes="3815032" bps="203417.71"></progress>
    <progress bytes="3946104" bps="197162.12"></progress>
    <progress bytes="4077176" bps="250016.69"></progress>
    <progress bytes="4208248" bps="261104.28"></progress>
    <progress bytes="4339320" bps="277007.09"></progress>
    <progress bytes="4601464" bps="259121.86"></progress>
    <progress bytes="4732536" bps="205533.82"></progress>
    <progress bytes="4863608" bps="177002.81"></progress>
    <progress bytes="4994680" bps="183923.79"></progress>
    <progress bytes="5125752" bps="235103.35"></progress>
    <progress bytes="5256824" bps="232781.42"></progress>
    <progress bytes="5387896" bps="252293.45"></progress>
    <progress bytes="5518968" bps="249466.61"></progress>
    <progress bytes="5650040" bps="157047.31"></progress>
    <progress bytes="5781112" bps="300978.68"></progress>
    <progress bytes="6043256" bps="142987.51"></progress>
    <progress bytes="6174328" bps="122869.82"></progress>
    <progress bytes="6239864" bps="124292.59"></progress>
    <progress bytes="6305400" bps="127481.11"></progress>
    <progress bytes="6370936" bps="127868.14"></progress>
    <progress bytes="6436472" bps="124177.42"></progress>
    <progress bytes="6502008" bps="172201.23"></progress>
    <progress bytes="6633080" bps="84564.38"></progress>
    <progress bytes="6698616" bps="85196.77"></progress>
    <progress bytes="6764152" bps="112965.06"></progress>
    <progress bytes="6829688" bps="120510.46"></progress>
    <progress bytes="6895224" bps="136295.95"></progress>
    <progress bytes="7026296" bps="135143.89"></progress>
    <progress bytes="7157368" bps="143103.42"></progress>
    <progress bytes="7288440" bps="170377.60"></progress>
    <progress bytes="7419512" bps="182377.28"></progress>
    <progress bytes="7550584" bps="206356.70"></progress>
    <progress bytes="7681656" bps="230455.05"></progress>
    <progress bytes="7812728" bps="215414.91"></progress>
    <progress bytes="7943800" bps="244773.87"></progress>
    <progress bytes="8074872" bps="236046.25"></progress>
    <progress bytes="8205944" bps="281949.24"></progress>
    <progress bytes="8468088" bps="166210.05"></progress>
    <progress bytes="8599160" bps="173029.15"></progress>
    <progress bytes="8730232" bps="203445.50"></progress>
    <progress bytes="8861304" bps="203096.53"></progress>
    <progress bytes="8992376" bps="239883.31"></progress>
    <progress bytes="9123448" bps="228682.29"></progress>
    <progress bytes="9254520" bps="166031.83"></progress>
    <progress bytes="9385592" bps="126950.06"></progress>
    <progress bytes="9451128" bps="132370.56"></progress>
    <progress bytes="9582200" bps="140748.15"></progress>
    <progress bytes="9713272" bps="156349.86"></progress>
    <progress bytes="9844344" bps="182751.34"></progress>
    <progress bytes="9975416" bps="189278.29"></progress>
    <progress bytes="10106488" bps="199868.25"></progress>
    <progress bytes="10237560" bps="222647.27"></progress>
    <progress bytes="10368632" bps="171372.46"></progress>
    <progress bytes="10499704" bps="112872.64"></progress>
    <progress bytes="10565240" bps="122940.93"></progress>
    <progress bytes="10630776" bps="44404.24"></progress>
    <progress bytes="10696312" bps="76615.17"></progress>
    <progress bytes="10761848" bps="63176.67"></progress>
    <progress bytes="10827384" bps="84915.50"></progress>
    <progress bytes="10892920" bps="62336.22"></progress>
    <progress bytes="10958456" bps="70289.39"></progress>
    <progress bytes="11023992" bps="38072.35"></progress>
    <progress bytes="11089528" bps="100857.36"></progress>
    <progress bytes="11155064" bps="79004.73"></progress>
    <progress bytes="11220600" bps="89055.70"></progress>
    <progress bytes="11286136" bps="74584.01"></progress>
    <progress bytes="11351672" bps="122395.62"></progress>
    <progress bytes="11417208" bps="118508.02"></progress>
    <progress bytes="11482744" bps="130103.77"></progress>
    <progress bytes="11548280" bps="149103.71"></progress>
    <progress bytes="11679352" bps="173812.26"></progress>
    <progress bytes="11810424" bps="170232.22"></progress>
    <progress bytes="11941496" bps="188618.59"></progress>
    <progress bytes="12072568" bps="151000.61"></progress>
    <progress bytes="12203640" bps="124664.97"></progress>
    <progress bytes="12269176" bps="128440.76"></progress>
    <progress bytes="12334712" bps="132043.31"></progress>
    <progress bytes="12465784" bps="156807.95"></progress>
    <progress bytes="12596856" bps="169064.95"></progress>
    <progress bytes="12727928" bps="175220.81"></progress>
    <progress bytes="12859000" bps="197880.37"></progress>
    <progress bytes="12990072" bps="212712.92"></progress>
    <progress bytes="13121144" bps="234144.95"></progress>
    <progress bytes="13252216" bps="220882.30"></progress>
    <progress bytes="13383288" bps="244625.85"></progress>
    <progress bytes="13514360" bps="302133.13"></progress>
    <progress bytes="13776504" bps="282574.72"></progress>
    <progress bytes="14038648" bps="204319.85"></progress>
    <progress bytes="14169720" bps="183112.35"></progress>
    <progress bytes="14300792" bps="196528.31"></progress>
    <progress bytes="14431864" bps="221685.51"></progress>
    <progress bytes="14562936" bps="246606.79"></progress>
    <progress bytes="14694008" bps="253263.57"></progress>
    <progress bytes="14825080" bps="266422.21"></progress>
    <progress bytes="15087224" bps="277090.25"></progress>
    <progress bytes="15349368" bps="221254.97"></progress>
    <progress bytes="15480440" bps="195933.11"></progress>
    <progress bytes="15611512" bps="193661.44"></progress>
    <progress bytes="15742584" bps="226045.06"></progress>
    <progress bytes="15873656" bps="228258.56"></progress>
    <progress bytes="16004728" bps="242292.04"></progress>
    <progress bytes="16135800" bps="294476.32"></progress>
    <progress bytes="16397944" bps="177777.30"></progress>
    <progress bytes="16529016" bps="162162.03"></progress>
    <progress bytes="16660088" bps="152759.41"></progress>
    <progress bytes="16791160" bps="165879.49"></progress>
    <progress bytes="16922232" bps="176176.07"></progress>
    <progress bytes="17053304" bps="180645.20"></progress>
    <progress bytes="17184376" bps="239207.36"></progress>
    <progress bytes="17315448" bps="245402.17"></progress>
    <progress bytes="17446520" bps="249734.68"></progress>
    <progress bytes="17577592" bps="263815.54"></progress>
    <progress bytes="17839736" bps="273531.67"></progress>
    <progress bytes="18101880" bps="321548.47"></progress>
    <progress bytes="18364024" bps="357379.10"></progress>
    <progress bytes="18626168" bps="392686.27"></progress>
    <progress bytes="18888312" bps="387460.28"></progress>
    <progress bytes="19150456" bps="424194.96"></progress>
    <progress bytes="19412600" bps="417253.34"></progress>
    <progress bytes="19674744" bps="272979.94"></progress>
    <progress bytes="19936888" bps="118494.41"></progress>
    <progress bytes="20002424" bps="154885.31"></progress>
    <progress bytes="20133496" bps="139454.62"></progress>
    <progress bytes="20264568" bps="202393.73"></progress>
    <progress bytes="20395640" bps="175149.86"></progress>
    <progress bytes="20526712" bps="186471.59"></progress>
    <progress bytes="20657784" bps="231678.71"></progress>
    <progress bytes="20788856" bps="237775.35"></progress>
    <progress bytes="20919928" bps="245108.47"></progress>
    <progress bytes="21051000" bps="253876.76"></progress>
    <progress bytes="21182072" bps="265644.13"></progress>
    <progress bytes="21444216" bps="315461.77"></progress>
    <progress bytes="21706360" bps="331286.89"></progress>
    <progress bytes="21968504" bps="346728.85"></progress>
    <progress bytes="22230648" bps="314690.75"></progress>
    <progress bytes="22492792" bps="135105.51"></progress>
    <progress bytes="22623864" bps="142814.18"></progress>
    <progress bytes="22754936" bps="153402.67"></progress>
    <progress bytes="22886008" bps="172176.80"></progress>
    <progress bytes="23017080" bps="190206.14"></progress>
    <progress bytes="23148152" bps="210040.17"></progress>
    <progress bytes="23279224" bps="219117.26"></progress>
    <progress bytes="23410296" bps="212773.35"></progress>
    <progress bytes="23541368" bps="159748.83"></progress>
    <progress bytes="23672440" bps="240050.69"></progress>
    <progress bytes="23803512" bps="163635.46"></progress>
    <progress bytes="23934584" bps="166273.41"></progress>
    <progress bytes="24065656" bps="163996.00"></progress>
    <progress bytes="24196728" bps="172876.70"></progress>
    <progress bytes="24327800" bps="215291.42"></progress>
    <progress bytes="24458872" bps="183092.39"></progress>
    <progress bytes="24589944" bps="223656.32"></progress>
    <progress bytes="24721016" bps="248488.56"></progress>
    <progress bytes="24852088" bps="248255.12"></progress>
    <progress bytes="24983160" bps="274496.34"></progress>
    <progress bytes="25245304" bps="311815.23"></progress>
    <progress bytes="25507448" bps="324229.79"></progress>
    <progress bytes="25769592" bps="340221.41"></progress>
    <progress bytes="26031736" bps="377476.19"></progress>
    <progress bytes="26293880" bps="191500.44"></progress>
    <progress bytes="26424952" bps="165295.01"></progress>
    <progress bytes="26556024" bps="166951.99"></progress>
    <progress bytes="26687096" bps="96903.31"></progress>
    <progress bytes="26752632" bps="128000.75"></progress>
    <progress bytes="26818168" bps="139915.50"></progress>
    <progress bytes="26949240" bps="153752.85"></progress>
    <progress bytes="27080312" bps="170926.39"></progress>
    <progress bytes="27211384" bps="184371.11"></progress>
    <progress bytes="27342456" bps="205102.21"></progress>
    <progress bytes="27473528" bps="198700.82"></progress>
    <progress bytes="27604600" bps="221642.40"></progress>
    <progress bytes="27735672" bps="242960.34"></progress>
    <progress bytes="27866744" bps="256674.27"></progress>
    <progress bytes="27997816" bps="263341.15"></progress>
    <progress bytes="28259960" bps="208549.16"></progress>
    <progress bytes="28391032" bps="414065.44"></progress>
    <progress bytes="28653176" bps="173615.30"></progress>
    <progress bytes="28784248" bps="230660.66"></progress>
    <progress bytes="28915320" bps="236754.02"></progress>
    <progress bytes="29046392" bps="242640.55"></progress>
    <progress bytes="29177464" bps="245501.46"></progress>
    <progress bytes="29308536" bps="271652.94"></progress>
    <progress bytes="29570680" bps="276973.14"></progress>
    <progress bytes="29832824" bps="199392.26"></progress>
    <progress bytes="29963896" bps="178661.05"></progress>
    <progress bytes="30094968" bps="220175.84"></progress>
    <progress bytes="30226040" bps="230808.51"></progress>
    <progress bytes="30357112" bps="220506.25"></progress>
    <progress bytes="30488184" bps="254550.75"></progress>
    <progress bytes="30619256" bps="299745.93"></progress>
    <progress bytes="30881400" bps="278707.59"></progress>
    <progress bytes="31143544" bps="317137.55"></progress>
    <progress bytes="31405688" bps="344186.77"></progress>
    <progress bytes="31667832" bps="396323.17"></progress>
    <progress bytes="31929976" bps="395202.29"></progress>
    <progress bytes="32192120" bps="443009.12"></progress>
    <progress bytes="32454264" bps="462033.59"></progress>
    <progress bytes="32716408" bps="455081.09"></progress>
    <progress bytes="32978552" bps="462812.60"></progress>
    <progress bytes="33240696" bps="322981.43"></progress>
    <progress bytes="33502840" bps="78715.99"></progress>
    <progress bytes="33568376" bps="59131.74"></progress>
    <progress bytes="33633912" bps="70923.87"></progress>
    <progress bytes="33699448" bps="104135.98"></progress>
    <progress bytes="33764984" bps="90623.73"></progress>
    <progress bytes="33830520" bps="117322.72"></progress>
    <progress bytes="33896056" bps="125871.98"></progress>
    <progress bytes="33961592" bps="124823.82"></progress>
    <progress bytes="34027128" bps="138865.70"></progress>
    <progress bytes="34158200" bps="147070.64"></progress>
    <progress bytes="34289272" bps="193150.89"></progress>
    <progress bytes="34420344" bps="167445.95"></progress>
    <progress bytes="34551416" bps="205146.83"></progress>
    <progress bytes="34682488" bps="202701.72"></progress>
    <progress bytes="34813560" bps="243902.53"></progress>
    <progress bytes="34944632" bps="249996.66"></progress>
    <progress bytes="35075704" bps="256964.62"></progress>
    <progress bytes="35206776" bps="267546.84"></progress>
    <progress bytes="35468920" bps="304041.88"></progress>
    <progress bytes="35731064" bps="328657.76"></progress>
    <progress bytes="35993208" bps="360955.10"></progress>
    <progress bytes="36255352" bps="377122.67"></progress>
    <progress bytes="36517496" bps="419994.20"></progress>
    <progress bytes="36779640" bps="432281.26"></progress>
    <progress bytes="37041784" bps="462409.31"></progress>
    <progress bytes="37303928" bps="462644.34"></progress>
    <progress bytes="37566072" bps="333609.92"></progress>
    <progress bytes="37828216" bps="118714.26"></progress>
    <progress bytes="37893752" bps="89381.70"></progress>
    <progress bytes="37959288" bps="112621.45"></progress>
    <progress bytes="38024824" bps="112605.39"></progress>
    <progress bytes="38090360" bps="100726.21"></progress>
    <progress bytes="38155896" bps="173110.96"></progress>
    <progress bytes="38286968" bps="131738.20"></progress>
    <progress bytes="38418040" bps="164742.79"></progress>
    <progress bytes="38549112" bps="173540.94"></progress>
    <progress bytes="38680184" bps="203725.35"></progress>
    <progress bytes="38811256" bps="196333.72"></progress>
    <progress bytes="38942328" bps="234010.34"></progress>
    <progress bytes="39073400" bps="239878.92"></progress>
    <progress bytes="39204472" bps="252921.96"></progress>
    <progress bytes="39335544" bps="260252.48"></progress>
    <progress bytes="39466616" bps="271960.13"></progress>
    <progress bytes="39728760" bps="314705.48"></progress>
    <progress bytes="39990904" bps="332106.99"></progress>
    <progress bytes="40253048" bps="358618.95"></progress>
    <progress bytes="40515192" bps="374945.65"></progress>
    <progress bytes="40777336" bps="430142.67"></progress>
    <progress bytes="41039480" bps="282202.38"></progress>
    <progress bytes="41301624" bps="163030.45"></progress>
    <progress bytes="41432696" bps="54704.76"></progress>
    <progress bytes="41498232" bps="77475.52"></progress>
    <progress bytes="41563768" bps="86699.64"></progress>
    <progress bytes="41629304" bps="96860.49"></progress>
    <progress bytes="41694840" bps="114779.51"></progress>
    <progress bytes="41760376" bps="126588.49"></progress>
    <progress bytes="41825912" bps="129230.98"></progress>
    <progress bytes="41891448" bps="143825.59"></progress>
    <progress bytes="42022520" bps="148799.19"></progress>
    <progress bytes="42153592" bps="141413.42"></progress>
    <progress bytes="42284664" bps="196110.76"></progress>
    <progress bytes="42415736" bps="191478.48"></progress>
    <progress bytes="42546808" bps="203132.10"></progress>
    <progress bytes="42677880" bps="218408.92"></progress>
    <progress bytes="42808952" bps="239477.90"></progress>
    <progress bytes="42940024" bps="248041.36"></progress>
    <progress bytes="43071096" bps="279196.19"></progress>
    <progress bytes="43333240" bps="299463.09"></progress>
    <progress bytes="43595384" bps="316379.71"></progress>
    <progress bytes="43857528" bps="351970.35"></progress>
    <progress bytes="44119672" bps="380848.33"></progress>
    <progress bytes="44381816" bps="397925.85"></progress>
    <progress bytes="44643960" bps="424314.43"></progress>
    <progress bytes="44906104" bps="451815.84"></progress>
    <progress bytes="45168248" bps="406897.31"></progress>
    <progress bytes="45430392" bps="163180.45"></progress>
    <progress bytes="45561464" bps="127279.45"></progress>
    <progress bytes="45627000" bps="166906.06"></progress>
    <progress bytes="45758072" bps="144069.68"></progress>
    <progress bytes="45889144" bps="121827.49"></progress>
    <progress bytes="45954680" bps="151681.58"></progress>
    <progress bytes="46085752" bps="136643.36"></progress>
    <progress bytes="46216824" bps="131039.90"></progress>
    <progress bytes="46282360" bps="154692.27"></progress>
    <progress bytes="46413432" bps="214816.14"></progress>
    <progress bytes="46544504" bps="210441.48"></progress>
    <progress bytes="46675576" bps="211654.63"></progress>
    <progress bytes="46806648" bps="261026.81"></progress>
    <progress bytes="46937720" bps="254721.91"></progress>
    <progress bytes="47068792" bps="247128.01"></progress>
    <progress bytes="47199864" bps="288175.47"></progress>
    <progress bytes="47462008" bps="204900.21"></progress>
    <progress bytes="47593080" bps="213460.84"></progress>
    <progress bytes="47724152" bps="167555.33"></progress>
    <progress bytes="47855224" bps="175397.37"></progress>
    <progress bytes="47986296" bps="216396.48"></progress>
    <progress bytes="48117368" bps="187481.14"></progress>
    <progress bytes="48248440" bps="133989.90"></progress>
    <progress bytes="48379512" bps="141099.67"></progress>
    <progress bytes="48510584" bps="167941.55"></progress>
    <progress bytes="48641656" bps="183601.49"></progress>
    <progress bytes="48772728" bps="201339.79"></progress>
    <progress bytes="48903800" bps="193151.74"></progress>
    <progress bytes="49034872" bps="243281.87"></progress>
    <progress bytes="49165944" bps="238436.28"></progress>
    <progress bytes="49297016" bps="260975.35"></progress>
    <progress bytes="49428088" bps="234512.35"></progress>
    <progress bytes="49559160" bps="130754.66"></progress>
    <progress bytes="49624696" bps="96357.91"></progress>
    <progress bytes="49690232" bps="51153.44"></progress>
    <progress bytes="49755768" bps="51427.53"></progress>
    <progress bytes="49821304" bps="83303.14"></progress>
    <progress bytes="49886840" bps="61909.70"></progress>
    <progress bytes="49952376" bps="81607.14"></progress>
    <progress bytes="50017912" bps="74489.83"></progress>
    <progress bytes="50083448" bps="121416.03"></progress>
    <progress bytes="50148984" bps="125298.26"></progress>
    <progress bytes="50214520" bps="127047.89"></progress>
    <progress bytes="50280056" bps="124095.83"></progress>
    <progress bytes="50345592" bps="131247.87"></progress>
    <progress bytes="50476664" bps="166324.89"></progress>
    <progress bytes="50607736" bps="173229.70"></progress>
    <progress bytes="50738808" bps="186541.65"></progress>
    <progress bytes="50869880" bps="213231.30"></progress>
    <progress bytes="51000952" bps="201733.96"></progress>
    <progress bytes="51132024" bps="233282.31"></progress>
    <progress bytes="51263096" bps="240218.31"></progress>
    <progress bytes="51394168" bps="277147.08"></progress>
    <progress bytes="51656312" bps="291723.93"></progress>
    <progress bytes="51918456" bps="313313.41"></progress>
    <progress bytes="52180600" bps="344581.73"></progress>
    <progress bytes="52442744" bps="357078.25"></progress>
    <progress bytes="52704888" bps="415920.03"></progress>
    <progress bytes="52967032" bps="410151.78"></progress>
    <progress bytes="53120249" bps="464516.34"></progress>
    <progress filesize="53120247" complete="1"></progress>
  </file>
</fileupload>
